2016-04-17 23:38PM - move_uploaded_file(uploads/c:\xampp\tmp\php9e18.tmp): failed to open stream: Invalid argument in C:\xampp\htdocs\cat-prj\system\Helpers\UploadCoded.php on line 29

2016-04-17 23:57PM - move_uploaded_file(C:\xampp\htdocs\cat-prj/uploads/c:\xampp\tmp\php4822.tmp): failed to open stream: Invalid argument in C:\xampp\htdocs\cat-prj\system\Helpers\UploadCoded.php on line 29

Exception information:

           Date: Apr 18, 2016 2:01AM

           Message: SQLSTATE[22007]: Invalid datetime format: 1292 Incorrect datetime value: '1/1/1973' for column 'birthdate' at row 1

           Code: 22007

           File: C:\xampp\htdocs\cat-prj\system\Helpers\Database.php

           Line: 123

           Stack trace:

           #0 C:\xampp\htdocs\cat-prj\system\Helpers\Database.php(123): PDOStatement->execute()
#1 C:\xampp\htdocs\cat-prj\app\Models\Users.php(22): Helpers\Database->insert('prj_users', Array)
#2 C:\xampp\htdocs\cat-prj\app\Controllers\User.php(42): app\Models\Users->add(Array)
#3 [internal function]: App\Controllers\User->add()
#4 C:\xampp\htdocs\cat-prj\system\Core\Router.php(193): call_user_func_array(Array, Array)
#5 C:\xampp\htdocs\cat-prj\system\Core\Router.php(224): Core\Router->invokeController('App\\Controllers...', 'add', Array)
#6 C:\xampp\htdocs\cat-prj\system\Core\Router.php(261): Core\Router->invokeObject('App\\Controllers...', Array)
#7 C:\xampp\htdocs\cat-prj\app\Routes.php(51): Core\Router->dispatch()
#8 C:\xampp\htdocs\cat-prj\index.php(74): require('C:\\xampp\\htdocs...')
#9 {main}

           ---------

Exception information:

           Date: Apr 18, 2016 2:02AM

           Message: SQLSTATE[22007]: Invalid datetime format: 1292 Incorrect datetime value: '1/1/1973' for column 'birthdate' at row 1

           Code: 22007

           File: C:\xampp\htdocs\cat-prj\system\Helpers\Database.php

           Line: 123

           Stack trace:

           #0 C:\xampp\htdocs\cat-prj\system\Helpers\Database.php(123): PDOStatement->execute()
#1 C:\xampp\htdocs\cat-prj\app\Models\Users.php(22): Helpers\Database->insert('prj_users', Array)
#2 C:\xampp\htdocs\cat-prj\app\Controllers\User.php(42): app\Models\Users->add(Array)
#3 [internal function]: App\Controllers\User->add()
#4 C:\xampp\htdocs\cat-prj\system\Core\Router.php(193): call_user_func_array(Array, Array)
#5 C:\xampp\htdocs\cat-prj\system\Core\Router.php(224): Core\Router->invokeController('App\\Controllers...', 'add', Array)
#6 C:\xampp\htdocs\cat-prj\system\Core\Router.php(261): Core\Router->invokeObject('App\\Controllers...', Array)
#7 C:\xampp\htdocs\cat-prj\app\Routes.php(51): Core\Router->dispatch()
#8 C:\xampp\htdocs\cat-prj\index.php(74): require('C:\\xampp\\htdocs...')
#9 {main}

           ---------

Exception information:

           Date: Apr 18, 2016 2:04AM

           Message: SQLSTATE[22007]: Invalid datetime format: 1292 Incorrect datetime value: '1/1/1973' for column 'birthdate' at row 1

           Code: 22007

           File: C:\xampp\htdocs\cat-prj\system\Helpers\Database.php

           Line: 123

           Stack trace:

           #0 C:\xampp\htdocs\cat-prj\system\Helpers\Database.php(123): PDOStatement->execute()
#1 C:\xampp\htdocs\cat-prj\app\Models\Users.php(22): Helpers\Database->insert('prj_users', Array)
#2 C:\xampp\htdocs\cat-prj\app\Controllers\User.php(42): app\Models\Users->add(Array)
#3 [internal function]: App\Controllers\User->add()
#4 C:\xampp\htdocs\cat-prj\system\Core\Router.php(193): call_user_func_array(Array, Array)
#5 C:\xampp\htdocs\cat-prj\system\Core\Router.php(224): Core\Router->invokeController('App\\Controllers...', 'add', Array)
#6 C:\xampp\htdocs\cat-prj\system\Core\Router.php(261): Core\Router->invokeObject('App\\Controllers...', Array)
#7 C:\xampp\htdocs\cat-prj\app\Routes.php(51): Core\Router->dispatch()
#8 C:\xampp\htdocs\cat-prj\index.php(74): require('C:\\xampp\\htdocs...')
#9 {main}

           ---------

Exception information:

           Date: Apr 18, 2016 2:16AM

           Message: SQLSTATE[22007]: Invalid datetime format: 1292 Incorrect datetime value: '1/4/1984' for column 'birthdate' at row 1

           Code: 22007

           File: C:\xampp\htdocs\cat-prj\system\Helpers\Database.php

           Line: 123

           Stack trace:

           #0 C:\xampp\htdocs\cat-prj\system\Helpers\Database.php(123): PDOStatement->execute()
#1 C:\xampp\htdocs\cat-prj\app\Models\Users.php(22): Helpers\Database->insert('prj_users', Array)
#2 C:\xampp\htdocs\cat-prj\app\Controllers\User.php(42): app\Models\Users->add(Array)
#3 [internal function]: App\Controllers\User->add()
#4 C:\xampp\htdocs\cat-prj\system\Core\Router.php(193): call_user_func_array(Array, Array)
#5 C:\xampp\htdocs\cat-prj\system\Core\Router.php(224): Core\Router->invokeController('App\\Controllers...', 'add', Array)
#6 C:\xampp\htdocs\cat-prj\system\Core\Router.php(261): Core\Router->invokeObject('App\\Controllers...', Array)
#7 C:\xampp\htdocs\cat-prj\app\Routes.php(51): Core\Router->dispatch()
#8 C:\xampp\htdocs\cat-prj\index.php(74): require('C:\\xampp\\htdocs...')
#9 {main}

           ---------

Exception information:

           Date: Apr 18, 2016 2:27AM

           Message: SQLSTATE[22007]: Invalid datetime format: 1292 Incorrect datetime value: '04/13/2016' for column 'birthdate' at row 1

           Code: 22007

           File: C:\xampp\htdocs\cat-prj\system\Helpers\Database.php

           Line: 123

           Stack trace:

           #0 C:\xampp\htdocs\cat-prj\system\Helpers\Database.php(123): PDOStatement->execute()
#1 C:\xampp\htdocs\cat-prj\app\Models\Users.php(22): Helpers\Database->insert('prj_users', Array)
#2 C:\xampp\htdocs\cat-prj\app\Controllers\User.php(40): app\Models\Users->add(Array)
#3 [internal function]: App\Controllers\User->add()
#4 C:\xampp\htdocs\cat-prj\system\Core\Router.php(193): call_user_func_array(Array, Array)
#5 C:\xampp\htdocs\cat-prj\system\Core\Router.php(224): Core\Router->invokeController('App\\Controllers...', 'add', Array)
#6 C:\xampp\htdocs\cat-prj\system\Core\Router.php(261): Core\Router->invokeObject('App\\Controllers...', Array)
#7 C:\xampp\htdocs\cat-prj\app\Routes.php(51): Core\Router->dispatch()
#8 C:\xampp\htdocs\cat-prj\index.php(74): require('C:\\xampp\\htdocs...')
#9 {main}

           ---------

Exception information:

           Date: Apr 18, 2016 2:35AM

           Message: SQLSTATE[22007]: Invalid datetime format: 1292 Incorrect datetime value: '04/13/2016' for column 'birthdate' at row 1

           Code: 22007

           File: C:\xampp\htdocs\cat-prj\system\Helpers\Database.php

           Line: 123

           Stack trace:

           #0 C:\xampp\htdocs\cat-prj\system\Helpers\Database.php(123): PDOStatement->execute()
#1 C:\xampp\htdocs\cat-prj\app\Models\Users.php(22): Helpers\Database->insert('prj_users', Array)
#2 C:\xampp\htdocs\cat-prj\app\Controllers\User.php(40): app\Models\Users->add(Array)
#3 [internal function]: App\Controllers\User->add()
#4 C:\xampp\htdocs\cat-prj\system\Core\Router.php(193): call_user_func_array(Array, Array)
#5 C:\xampp\htdocs\cat-prj\system\Core\Router.php(224): Core\Router->invokeController('App\\Controllers...', 'add', Array)
#6 C:\xampp\htdocs\cat-prj\system\Core\Router.php(261): Core\Router->invokeObject('App\\Controllers...', Array)
#7 C:\xampp\htdocs\cat-prj\app\Routes.php(51): Core\Router->dispatch()
#8 C:\xampp\htdocs\cat-prj\index.php(74): require('C:\\xampp\\htdocs...')
#9 {main}

           ---------

Exception information:

           Date: Apr 18, 2016 2:45AM

           Message: SQLSTATE[22007]: Invalid datetime format: 1292 Incorrect datetime value: '04-04-2016' for column 'birthdate' at row 1

           Code: 22007

           File: C:\xampp\htdocs\cat-prj\system\Helpers\Database.php

           Line: 123

           Stack trace:

           #0 C:\xampp\htdocs\cat-prj\system\Helpers\Database.php(123): PDOStatement->execute()
#1 C:\xampp\htdocs\cat-prj\app\Models\Users.php(22): Helpers\Database->insert('prj_users', Array)
#2 C:\xampp\htdocs\cat-prj\app\Controllers\User.php(41): app\Models\Users->add(Array)
#3 [internal function]: App\Controllers\User->add()
#4 C:\xampp\htdocs\cat-prj\system\Core\Router.php(193): call_user_func_array(Array, Array)
#5 C:\xampp\htdocs\cat-prj\system\Core\Router.php(224): Core\Router->invokeController('App\\Controllers...', 'add', Array)
#6 C:\xampp\htdocs\cat-prj\system\Core\Router.php(261): Core\Router->invokeObject('App\\Controllers...', Array)
#7 C:\xampp\htdocs\cat-prj\app\Routes.php(51): Core\Router->dispatch()
#8 C:\xampp\htdocs\cat-prj\index.php(74): require('C:\\xampp\\htdocs...')
#9 {main}

           ---------

Exception information:

           Date: Apr 18, 2016 2:45AM

           Message: SQLSTATE[22007]: Invalid datetime format: 1292 Incorrect datetime value: '04-04-2016' for column 'birthdate' at row 1

           Code: 22007

           File: C:\xampp\htdocs\cat-prj\system\Helpers\Database.php

           Line: 123

           Stack trace:

           #0 C:\xampp\htdocs\cat-prj\system\Helpers\Database.php(123): PDOStatement->execute()
#1 C:\xampp\htdocs\cat-prj\app\Models\Users.php(22): Helpers\Database->insert('prj_users', Array)
#2 C:\xampp\htdocs\cat-prj\app\Controllers\User.php(41): app\Models\Users->add(Array)
#3 [internal function]: App\Controllers\User->add()
#4 C:\xampp\htdocs\cat-prj\system\Core\Router.php(193): call_user_func_array(Array, Array)
#5 C:\xampp\htdocs\cat-prj\system\Core\Router.php(224): Core\Router->invokeController('App\\Controllers...', 'add', Array)
#6 C:\xampp\htdocs\cat-prj\system\Core\Router.php(261): Core\Router->invokeObject('App\\Controllers...', Array)
#7 C:\xampp\htdocs\cat-prj\app\Routes.php(51): Core\Router->dispatch()
#8 C:\xampp\htdocs\cat-prj\index.php(74): require('C:\\xampp\\htdocs...')
#9 {main}

           ---------

2016-04-18 15:59PM - Missing argument 1 for App\Controllers\User::checkEmailExist() in C:\xampp\htdocs\cat-prj\app\Controllers\User.php on line 66

2016-04-18 15:59PM - Missing argument 1 for App\Controllers\User::checkEmailExist() in C:\xampp\htdocs\cat-prj\app\Controllers\User.php on line 66

2016-04-18 16:05PM - Missing argument 1 for App\Controllers\User::checkUsernameExist() in C:\xampp\htdocs\cat-prj\app\Controllers\User.php on line 72

2016-04-18 16:07PM - Missing argument 1 for App\Controllers\User::checkUsernameExist() in C:\xampp\htdocs\cat-prj\app\Controllers\User.php on line 72

2016-04-18 16:07PM - Missing argument 1 for App\Controllers\User::checkUsernameExist() in C:\xampp\htdocs\cat-prj\app\Controllers\User.php on line 72

2016-04-18 16:08PM - Missing argument 1 for App\Controllers\User::checkUsernameExist() in C:\xampp\htdocs\cat-prj\app\Controllers\User.php on line 72

2016-04-18 16:08PM - Missing argument 1 for App\Controllers\User::checkUsernameExist() in C:\xampp\htdocs\cat-prj\app\Controllers\User.php on line 72

2016-04-18 16:09PM - Missing argument 1 for App\Controllers\User::checkUsernameExist() in C:\xampp\htdocs\cat-prj\app\Controllers\User.php on line 72

2016-04-18 16:09PM - Missing argument 1 for App\Controllers\User::checkEmailExist() in C:\xampp\htdocs\cat-prj\app\Controllers\User.php on line 66

2016-04-18 16:10PM - Missing argument 1 for App\Controllers\User::checkEmailExist() in C:\xampp\htdocs\cat-prj\app\Controllers\User.php on line 66

2016-04-18 16:12PM - Missing argument 1 for App\Controllers\User::checkEmailExist() in C:\xampp\htdocs\cat-prj\app\Controllers\User.php on line 66

2016-04-18 16:13PM - Missing argument 1 for App\Controllers\User::checkEmailExist() in C:\xampp\htdocs\cat-prj\app\Controllers\User.php on line 66

2016-04-18 16:13PM - Missing argument 1 for App\Controllers\User::checkEmailExist() in C:\xampp\htdocs\cat-prj\app\Controllers\User.php on line 66

2016-04-18 16:13PM - Missing argument 1 for App\Controllers\User::checkEmailExist() in C:\xampp\htdocs\cat-prj\app\Controllers\User.php on line 66

2016-04-18 16:14PM - Missing argument 1 for App\Controllers\User::checkUsernameExist() in C:\xampp\htdocs\cat-prj\app\Controllers\User.php on line 72

2016-04-18 16:15PM - Missing argument 1 for App\Controllers\User::checkUsernameExist() in C:\xampp\htdocs\cat-prj\app\Controllers\User.php on line 72

2016-04-18 16:15PM - Missing argument 1 for App\Controllers\User::checkUsernameExist() in C:\xampp\htdocs\cat-prj\app\Controllers\User.php on line 72

2016-04-18 16:16PM - Missing argument 1 for App\Controllers\User::checkUsernameExist() in C:\xampp\htdocs\cat-prj\app\Controllers\User.php on line 72

2016-04-18 16:17PM - Missing argument 1 for App\Controllers\User::checkUsernameExist() in C:\xampp\htdocs\cat-prj\app\Controllers\User.php on line 72

2016-04-18 16:17PM - Missing argument 1 for App\Controllers\User::checkUsernameExist() in C:\xampp\htdocs\cat-prj\app\Controllers\User.php on line 72

2016-04-18 16:17PM - Missing argument 1 for App\Controllers\User::checkUsernameExist() in C:\xampp\htdocs\cat-prj\app\Controllers\User.php on line 72

2016-04-18 16:17PM - Missing argument 1 for App\Controllers\User::checkUsernameExist() in C:\xampp\htdocs\cat-prj\app\Controllers\User.php on line 72

2016-04-18 16:17PM - Missing argument 1 for App\Controllers\User::checkUsernameExist() in C:\xampp\htdocs\cat-prj\app\Controllers\User.php on line 72

2016-04-18 16:17PM - Missing argument 1 for App\Controllers\User::checkUsernameExist() in C:\xampp\htdocs\cat-prj\app\Controllers\User.php on line 72

2016-04-18 16:18PM - Missing argument 1 for App\Controllers\User::checkUsernameExist() in C:\xampp\htdocs\cat-prj\app\Controllers\User.php on line 72

2016-04-18 16:18PM - Missing argument 1 for App\Controllers\User::checkUsernameExist() in C:\xampp\htdocs\cat-prj\app\Controllers\User.php on line 72

2016-04-18 16:18PM - Missing argument 1 for App\Controllers\User::checkUsernameExist() in C:\xampp\htdocs\cat-prj\app\Controllers\User.php on line 72

2016-04-18 16:18PM - Missing argument 1 for App\Controllers\User::checkUsernameExist() in C:\xampp\htdocs\cat-prj\app\Controllers\User.php on line 72

2016-04-18 16:19PM - Missing argument 1 for App\Controllers\User::checkUsernameExist() in C:\xampp\htdocs\cat-prj\app\Controllers\User.php on line 72

2016-04-18 16:19PM - Missing argument 1 for App\Controllers\User::checkUsernameExist() in C:\xampp\htdocs\cat-prj\app\Controllers\User.php on line 72

2016-04-18 16:20PM - Missing argument 1 for App\Controllers\User::checkUsernameExist() in C:\xampp\htdocs\cat-prj\app\Controllers\User.php on line 72

2016-04-18 16:21PM - Missing argument 1 for App\Controllers\User::checkUsernameExist() in C:\xampp\htdocs\cat-prj\app\Controllers\User.php on line 72

2016-04-18 16:21PM - Missing argument 1 for App\Controllers\User::checkUsernameExist() in C:\xampp\htdocs\cat-prj\app\Controllers\User.php on line 72

2016-04-18 16:21PM - Missing argument 1 for App\Controllers\User::checkUsernameExist() in C:\xampp\htdocs\cat-prj\app\Controllers\User.php on line 72

2016-04-18 16:21PM - Missing argument 1 for App\Controllers\User::checkUsernameExist() in C:\xampp\htdocs\cat-prj\app\Controllers\User.php on line 72

2016-04-18 16:21PM - Missing argument 1 for App\Controllers\User::checkUsernameExist() in C:\xampp\htdocs\cat-prj\app\Controllers\User.php on line 72

